yarn run v1.22.22
$ ./ci/build/build-vscode.sh
Updated 1 path from the index
$ node --max-old-space-size=8192 ./node_modules/gulp/bin/gulp.js vscode-reh-web-linux-x64-min
[06:22:11] Using gulpfile ~/visionlab-ide/lib/vscode/gulpfile.js
[06:22:11] Starting 'vscode-reh-web-linux-x64-min'...
[06:22:11] Starting [36mclean-out-build[39m ...
[06:22:11] Finished [36mclean-out-build[39m after [35m18 ms[39m
[06:22:11] Starting [36mbuild-web-node-paths[39m ...
[06:22:11] Finished [36mbuild-web-node-paths[39m after [35m2 ms[39m
[06:22:11] Starting [36mcompile-api-proposal-names[39m ...
[06:22:11] Starting [32mcompilation[39m[34m api-proposal-names[39m...
[06:22:11] Finished [32mcompilation[39m[34m api-proposal-names[39m with 0 errors after [35m85 ms[39m
[06:22:11] Finished [36mcompile-api-proposal-names[39m after [35m93 ms[39m
[06:22:11] Starting [36mcompile-src[39m ...
[06:22:36] [34m[mangler][39m Done collecting. Classes: 7678. Exported symbols: 9371
[06:22:38] [34m[mangler][39m Done creating class replacements
[06:22:38] [34m[mangler][39m Starting prepare rename edits
[06:22:39] Starting [32mcompilation[39m...
[07:20:21] [34m[mangler][39m Done preparing edits: 3773 files
[07:20:28] [34m[mangler][39m Done: 4764.382kb saved, memory-usage: {"total_heap_size":2632654848,"total_heap_size_executable":9150464,"total_physical_size":2632237056,"total_available_size":6070741784,"used_heap_size":2531955208,"heap_size_limit":8640266240,"malloced_memory":2138256,"peak_malloced_memory":20178728,"does_zap_garbage":0,"number_of_native_contexts":1,"number_of_detached_contexts":0,"total_global_handles_size":4644864,"used_global_handles_size":1821568,"external_memory":112067640}
[07:25:42] [31mError[39m: /home/ubuntu/visionlab-ide/lib/vscode/src/vs/workbench/contrib/welcomeGettingStarted/browser/gettingStarted.contribution.ts(347,1): Expected 3 arguments, but got 2.
[07:25:42] [31mError[39m: /home/ubuntu/visionlab-ide/lib/vscode/src/vs/workbench/contrib/files/browser/explorerViewlet.ts(284,46): Cannot find name 'Extensions'.
[07:25:42] Finished [32mcompilation[39m with 2 errors after [35m3782526 ms[39m
[07:25:42] [31mError[39m: /home/ubuntu/visionlab-ide/lib/vscode/src/vs/workbench/contrib/welcomeGettingStarted/browser/gettingStarted.contribution.ts(347,1): Expected 3 arguments, but got 2.
[07:25:42] [31mError[39m: /home/ubuntu/visionlab-ide/lib/vscode/src/vs/workbench/contrib/files/browser/explorerViewlet.ts(284,46): Cannot find name 'Extensions'.
[07:25:42] Finished [32mcompilation[39m with 2 errors after [35m3782526 ms[39m
[07:25:42] 'vscode-reh-web-linux-x64-min' errored after 1.06 h
[07:25:42] Error: Found 2 errors
    at Stream.<anonymous> (/home/ubuntu/visionlab-ide/lib/vscode/build/lib/reporter.js:91:29)
    at _end (/home/ubuntu/visionlab-ide/lib/vscode/node_modules/through/index.js:65:9)
    at stream.end (/home/ubuntu/visionlab-ide/lib/vscode/node_modules/through/index.js:74:5)
    at Stream.onend (node:internal/streams/legacy:48:10)
    at Stream.emit (node:events:536:35)
    at Stream.emit (node:domain:552:15)
    at drain (/home/ubuntu/visionlab-ide/lib/vscode/node_modules/through/index.js:34:23)
    at stream.queue.stream.push (/home/ubuntu/visionlab-ide/lib/vscode/node_modules/through/index.js:45:5)
    at Stream.end (/home/ubuntu/visionlab-ide/lib/vscode/node_modules/through/index.js:15:35)
    at _end (/home/ubuntu/visionlab-ide/lib/vscode/node_modules/through/index.js:65:9)
error Command failed with exit code 1.
info Visit https://yarnpkg.com/en/docs/cli/run for documentation about this command.
error Command failed with exit code 1.
info Visit https://yarnpkg.com/en/docs/cli/run for documentation about this command.
